<?xml version="1.0" encoding="UTF-8"?>
<!-- Generated by org.testng.reporters.JUnitReportReporter -->
<testsuite hostname="KHUBAIB" failures="0" tests="1" name="sunner.final_" time="6.783" errors="0" timestamp="2024-03-12T12:58:14 IST" skipped="0">
  <testcase classname="sunner.final_" name="runScenario" time="6.783"/>
  <system-out/>
</testsuite> <!-- sunner.final_ -->
