<?xml version="1.0" encoding="UTF-8"?>
<!-- Generated by org.testng.reporters.JUnitReportReporter -->
<testsuite hostname="KHUBAIB" failures="0" tests="1" name="sunner.runner" time="6.419" errors="0" timestamp="2024-03-12T13:13:12 IST" skipped="0">
  <testcase classname="sunner.runner" name="runScenario" time="6.419"/>
  <system-out/>
</testsuite> <!-- sunner.runner -->
